make f2c-gcc EXECUTABLE_NAME=solaris-f2c-gcc-prog CFLAGS="-I/home/cs/student/jaf/include -L/home/cs/student/jaf/lib"
make[1]: Entering directory `/home/cs/student/jaf/naut/lpc/fortran/understanding-fortran'
f2c -A localtest.f
localtest.f:
   MAIN loctst:
   try:
# Print version number of f2c
head -4 localtest.c
/* localtest.f -- translated by f2c (version 19951025).
   You must link the resulting object file with the libraries:
	-lf2c -lm   (in that order)
*/
# Print version number of gcc
gcc -v
Reading specs from /pkg/gc/lib/gcc-lib/sparc-sun-solaris2.3/2.6.0/specs
gcc version 2.6.0
gcc -I/home/cs/student/jaf/include -L/home/cs/student/jaf/lib localtest.c -lf2c -lm -o solaris-f2c-gcc-prog
ls -l solaris-f2c-gcc-prog
-rwx------   1 jaf      student     32093 Feb  8 17:49 solaris-f2c-gcc-prog
ldd solaris-f2c-gcc-prog
	libm.so.1 =>	 /usr/lib/libm.so.1
	libc.so.1 =>	 /usr/lib/libc.so.1
	libdl.so.1 =>	 /usr/lib/libdl.so.1
solaris-f2c-gcc-prog
local variable k is   0
local variable j is  10
local variable k is   1
local variable j is  20
local variable k is   2
local variable j is  30
local variable k is   3
local variable j is  40
local variable j is  50
make[1]: Leaving directory `/home/cs/student/jaf/naut/lpc/fortran/understanding-fortran'
